[0m22:05:42.506298 [debug] [MainThread]: Sending event: {'category': 'dbt', 'action': 'invocation', 'label': 'start', 'context': [<snowplow_tracker.self_describing_json.SelfDescribingJson object at 0x103d7bc40>, <snowplow_tracker.self_describing_json.SelfDescribingJson object at 0x1053e3a60>, <snowplow_tracker.self_describing_json.SelfDescribingJson object at 0x1053e3c40>]}


============================== 22:05:42.517927 | b2dba570-9192-4bbe-b96b-c39d22df20aa ==============================
[0m22:05:42.517927 [info ] [MainThread]: Running with dbt=1.10.20
[0m22:05:42.518741 [debug] [MainThread]: running dbt with arguments {'invocation_command': 'dbt init dbt_project', 'empty': 'None', 'indirect_selection': 'eager', 'warn_error_options': 'WarnErrorOptionsV2(error=[], warn=[], silence=[])', 'cache_selected_only': 'False', 'log_cache_events': 'False', 'write_json': 'True', 'version_check': 'True', 'partial_parse': 'True', 'no_print': 'None', 'quiet': 'False', 'log_path': 'logs', 'static_parser': 'True', 'use_colors': 'True', 'use_experimental_parser': 'False', 'debug': 'False', 'printer_width': '80', 'warn_error': 'None', 'fail_fast': 'False', 'introspect': 'True', 'target_path': 'None', 'send_anonymous_usage_stats': 'True', 'profiles_dir': '/Users/macpro_phichet/.dbt', 'log_format': 'default'}
[0m22:05:42.572768 [info ] [MainThread]: Creating dbt configuration folder at /Users/macpro_phichet/.dbt
[0m22:05:42.576428 [debug] [MainThread]: Starter project path: /Users/macpro_phichet/Library/Python/3.9/lib/python/site-packages/dbt/include/starter_project
[0m22:05:42.617999 [info ] [MainThread]: 
Your new dbt project "dbt_project" was created!

For more information on how to configure the profiles.yml file,
please consult the dbt documentation here:

  https://docs.getdbt.com/docs/configure-your-profile

One more thing:

Need help? Don't hesitate to reach out to us via GitHub issues or on Slack:

  https://community.getdbt.com/

Happy modeling!

[0m22:05:42.618951 [info ] [MainThread]: Setting up your profile.
[0m22:06:19.541323 [info ] [MainThread]: Profile dbt_project written to /Users/macpro_phichet/.dbt/profiles.yml using target's profile_template.yml and your supplied values. Run 'dbt debug' to validate the connection.
[0m22:06:19.583376 [debug] [MainThread]: Resource report: {"command_name": "init", "command_success": true, "command_wall_clock_time": 37.199295, "process_in_blocks": "0", "process_kernel_time": 0.492106, "process_mem_max_rss": "94687232", "process_out_blocks": "0", "process_user_time": 2.075305}
[0m22:06:19.585224 [debug] [MainThread]: Command `dbt init` succeeded at 22:06:19.584879 after 37.20 seconds
[0m22:06:19.586233 [debug] [MainThread]: Sending event: {'category': 'dbt', 'action': 'invocation', 'label': 'end', 'context': [<snowplow_tracker.self_describing_json.SelfDescribingJson object at 0x103d7bc40>, <snowplow_tracker.self_describing_json.SelfDescribingJson object at 0x1046e64f0>, <snowplow_tracker.self_describing_json.SelfDescribingJson object at 0x1053a2af0>]}
[0m22:06:19.587407 [debug] [MainThread]: Flushing usage events
[0m22:06:24.542965 [debug] [MainThread]: An error was encountered while trying to flush usage events
